<?xml version="1.0" encoding="UTF-8"?>
<!-- Generated by org.testng.reporters.JUnitReportReporter -->
<testsuite hostname="DESKTOP-833K0R4" failures="0" tests="1" name="testcase.TestDemo" time="44.531" errors="0" timestamp="2023-02-10T23:11:22 IST" skipped="0">
  <testcase classname="testcase.TestDemo" name="New" time="44.531"/>
  <system-out/>
</testsuite> <!-- testcase.TestDemo -->
